


materialPath: C:\Program Files (x86)\Steam\steamapps\common\GarrysMod\garrysmod\materials
Loading C:\gmod\garrysmod\gamemodes\comp2016\content\maps\sab_hex.vmf
Brush 14: FloatPlane: bad normal
Side 1
Texture: DEV/DEV_MEASUREGENERIC01



4 threads
reading c:\gmod\garrysmod\gamemodes\comp2016\content\maps\sab_hex.bsp
Error opening c:\gmod\garrysmod\gamemodes\comp2016\content\maps\sab_hex.bsp


[Reading texlights from 'lights.rad']
[45 texlights parsed from 'lights.rad']

Loading c:\gmod\garrysmod\gamemodes\comp2016\content\maps\sab_hex.bsp
Error opening c:\gmod\garrysmod\gamemodes\comp2016\content\maps\sab_hex.bsp


materialPath: C:\Program Files (x86)\Steam\steamapps\common\GarrysMod\garrysmod\materials
Loading C:\gmod\garrysmod\gamemodes\comp2016\content\maps\sab_hex.vmf
Brush 14: FloatPlane: bad normal
Side 1
Texture: DEV/DEV_MEASUREGENERIC01



4 threads
reading c:\gmod\garrysmod\gamemodes\comp2016\content\maps\sab_hex.bsp
Error opening c:\gmod\garrysmod\gamemodes\comp2016\content\maps\sab_hex.bsp


[Reading texlights from 'lights.rad']
[45 texlights parsed from 'lights.rad']

Loading c:\gmod\garrysmod\gamemodes\comp2016\content\maps\sab_hex.bsp
Error opening c:\gmod\garrysmod\gamemodes\comp2016\content\maps\sab_hex.bsp